<?xml version="1.0" encoding="UTF-8"?>
<!-- Generated by org.testng.reporters.JUnitReportReporter -->
<testsuite hostname="Sanjai" failures="0" tests="3" name="testRunner.CucumberRun" time="21.898" errors="0" timestamp="2024-11-18T21:44:38 IST" skipped="0">
  <testcase classname="testRunner.CucumberRun" name="runScenario" time="11.354"/>
  <testcase classname="testRunner.CucumberRun" name="runScenario" time="7.965"/>
  <testcase classname="testRunner.CucumberRun" name="runScenario" time="2.579"/>
</testsuite> <!-- testRunner.CucumberRun -->
