<?xml version="1.0" encoding="UTF-8"?>
<!-- Generated by org.testng.reporters.JUnitReportReporter -->
<testsuite hostname="Sanjai" failures="0" tests="3" name="testRunner.CucumberRun" time="18.558" errors="0" timestamp="2024-11-18T21:48:32 IST" skipped="0">
  <testcase classname="testRunner.CucumberRun" name="runScenario" time="11.630"/>
  <testcase classname="testRunner.CucumberRun" name="runScenario" time="4.437"/>
  <testcase classname="testRunner.CucumberRun" name="runScenario" time="2.491"/>
</testsuite> <!-- testRunner.CucumberRun -->
